<?xml version="1.0" encoding="UTF-8" ?>
<testsuite failures="0" time="0.01" errors="0" skipped="0" tests="1" name="de.hsos.richwps.sp.AppTest">
  <properties>
    <property name="java.runtime.name" value="Java(TM) SE Runtime Environment"/>
    <property name="sun.boot.library.path" value="C:\Program Files (x86)\Java\jdk1.7.0_03\jre\bin"/>
    <property name="java.vm.version" value="22.1-b02"/>
    <property name="java.vm.vendor" value="Oracle Corporation"/>
    <property name="java.vendor.url" value="http://java.oracle.com/"/>
    <property name="path.separator" value=";"/>
    <property name="java.vm.name" value="Java HotSpot(TM) Client VM"/>
    <property name="file.encoding.pkg" value="sun.io"/>
    <property name="user.script" value=""/>
    <property name="user.country" value="DE"/>
    <property name="sun.java.launcher" value="SUN_STANDARD"/>
    <property name="sun.os.patch.level" value="Service Pack 1"/>
    <property name="java.vm.specification.name" value="Java Virtual Machine Specification"/>
    <property name="user.dir" value="C:\Users\fbensman\Documents\NetBeansProjects\SemanticProxy"/>
    <property name="java.runtime.version" value="1.7.0_03-b05"/>
    <property name="java.awt.graphicsenv" value="sun.awt.Win32GraphicsEnvironment"/>
    <property name="basedir" value="C:\Users\fbensman\Documents\NetBeansProjects\SemanticProxy"/>
    <property name="java.endorsed.dirs" value="C:\Program Files (x86)\Java\jdk1.7.0_03\jre\lib\endorsed"/>
    <property name="os.arch" value="x86"/>
    <property name="surefire.real.class.path" value="C:\Users\fbensman\AppData\Local\Temp\surefirebooter6206257813818128617.jar"/>
    <property name="java.io.tmpdir" value="C:\Users\fbensman\AppData\Local\Temp\"/>
    <property name="line.separator" value="
"/>
    <property name="java.vm.specification.vendor" value="Oracle Corporation"/>
    <property name="user.variant" value=""/>
    <property name="os.name" value="Windows 7"/>
    <property name="sun.jnu.encoding" value="Cp1252"/>
    <property name="java.library.path" value="C:\Program Files (x86)\Java\jdk1.7.0_03\jre\bin;C:\Windows\Sun\Java\bin;C:\Windows\system32;C:\Windows;C:\Windows\system32;C:\Windows;C:\Windows\System32\Wbem;C:\Windows\System32\WindowsPowerShell\v1.0\;C:\Program Files (x86)\ATI Technologies\ATI.ACE\Core-Static;C:\Program Files\TortoiseSVN\bin;C:\Program Files (x86)\IVI Foundation\VISA\WinNT\Bin;C:\Program Files (x86)\leJOS NXJ\bin;C:\apache-maven-3.0.5\bin;C:\Program Files (x86)\Git\cmd;C:\Program Files (x86)\Git\bin;C:\Program Files (x86)\Java\jre7\bin;C:\Program Files (x86)\Liquid Technologies\Liquid XML Studio 2012\XmlDataBinder10\Redist10\cpp\win32\bin;C:\Chocolatey\bin;C:\Program Files (x86)\Git\cmd;;."/>
    <property name="surefire.test.class.path" value="C:\Users\fbensman\Documents\NetBeansProjects\SemanticProxy\target\test-classes;C:\Users\fbensman\Documents\NetBeansProjects\SemanticProxy\target\classes;C:\Users\fbensman\.m2\repository\junit\junit\3.8.1\junit-3.8.1.jar;C:\Users\fbensman\.m2\repository\org\openrdf\sesame\sesame-runtime\2.7.10\sesame-runtime-2.7.10.jar;C:\Users\fbensman\.m2\repository\org\openrdf\sesame\sesame-model\2.7.10\sesame-model-2.7.10.jar;C:\Users\fbensman\.m2\repository\org\openrdf\sesame\sesame-util\2.7.10\sesame-util-2.7.10.jar;C:\Users\fbensman\.m2\repository\org\slf4j\slf4j-api\1.6.1\slf4j-api-1.6.1.jar;C:\Users\fbensman\.m2\repository\org\openrdf\sesame\sesame-repository-api\2.7.10\sesame-repository-api-2.7.10.jar;C:\Users\fbensman\.m2\repository\org\openrdf\sesame\sesame-query\2.7.10\sesame-query-2.7.10.jar;C:\Users\fbensman\.m2\repository\org\openrdf\sesame\sesame-rio-api\2.7.10\sesame-rio-api-2.7.10.jar;C:\Users\fbensman\.m2\repository\org\openrdf\sesame\sesame-repository-manager\2.7.10\sesame-repository-manager-2.7.10.jar;C:\Users\fbensman\.m2\repository\org\openrdf\sesame\sesame-repository-event\2.7.10\sesame-repository-event-2.7.10.jar;C:\Users\fbensman\.m2\repository\org\openrdf\sesame\sesame-repository-sail\2.7.10\sesame-repository-sail-2.7.10.jar;C:\Users\fbensman\.m2\repository\org\openrdf\sesame\sesame-sail-api\2.7.10\sesame-sail-api-2.7.10.jar;C:\Users\fbensman\.m2\repository\org\openrdf\sesame\sesame-queryalgebra-model\2.7.10\sesame-queryalgebra-model-2.7.10.jar;C:\Users\fbensman\.m2\repository\org\openrdf\sesame\sesame-queryparser-api\2.7.10\sesame-queryparser-api-2.7.10.jar;C:\Users\fbensman\.m2\repository\org\openrdf\sesame\sesame-sail-memory\2.7.10\sesame-sail-memory-2.7.10.jar;C:\Users\fbensman\.m2\repository\org\openrdf\sesame\sesame-sail-inferencer\2.7.10\sesame-sail-inferencer-2.7.10.jar;C:\Users\fbensman\.m2\repository\org\openrdf\sesame\sesame-queryparser-serql\2.7.10\sesame-queryparser-serql-2.7.10.jar;C:\Users\fbensman\.m2\repository\org\openrdf\sesame\sesame-queryalgebra-evaluation\2.7.10\sesame-queryalgebra-evaluation-2.7.10.jar;C:\Users\fbensman\.m2\repository\org\openrdf\sesame\sesame-repository-sparql\2.7.10\sesame-repository-sparql-2.7.10.jar;C:\Users\fbensman\.m2\repository\org\openrdf\sesame\sesame-http-client\2.7.10\sesame-http-client-2.7.10.jar;C:\Users\fbensman\.m2\repository\org\openrdf\sesame\sesame-http-protocol\2.7.10\sesame-http-protocol-2.7.10.jar;C:\Users\fbensman\.m2\repository\org\openrdf\sesame\sesame-rio-ntriples\2.7.10\sesame-rio-ntriples-2.7.10.jar;C:\Users\fbensman\.m2\repository\org\openrdf\sesame\sesame-rio-datatypes\2.7.10\sesame-rio-datatypes-2.7.10.jar;C:\Users\fbensman\.m2\repository\org\openrdf\sesame\sesame-rio-languages\2.7.10\sesame-rio-languages-2.7.10.jar;C:\Users\fbensman\.m2\repository\commons-io\commons-io\2.4\commons-io-2.4.jar;C:\Users\fbensman\.m2\repository\org\openrdf\sesame\sesame-queryresultio-api\2.7.10\sesame-queryresultio-api-2.7.10.jar;C:\Users\fbensman\.m2\repository\commons-httpclient\commons-httpclient\3.1\commons-httpclient-3.1.jar;C:\Users\fbensman\.m2\repository\commons-codec\commons-codec\1.4\commons-codec-1.4.jar;C:\Users\fbensman\.m2\repository\org\openrdf\sesame\sesame-queryparser-sparql\2.7.10\sesame-queryparser-sparql-2.7.10.jar;C:\Users\fbensman\.m2\repository\org\openrdf\sesame\sesame-queryresultio-sparqlxml\2.7.10\sesame-queryresultio-sparqlxml-2.7.10.jar;C:\Users\fbensman\.m2\repository\org\openrdf\sesame\sesame-repository-http\2.7.10\sesame-repository-http-2.7.10.jar;C:\Users\fbensman\.m2\repository\org\openrdf\sesame\sesame-repository-contextaware\2.7.10\sesame-repository-contextaware-2.7.10.jar;C:\Users\fbensman\.m2\repository\org\openrdf\sesame\sesame-sail-federation\2.7.10\sesame-sail-federation-2.7.10.jar;C:\Users\fbensman\.m2\repository\org\openrdf\sesame\sesame-rio-turtle\2.7.10\sesame-rio-turtle-2.7.10.jar;C:\Users\fbensman\.m2\repository\org\openrdf\sesame\sesame-queryresultio-binary\2.7.10\sesame-queryresultio-binary-2.7.10.jar;C:\Users\fbensman\.m2\repository\org\openrdf\sesame\sesame-queryresultio-sparqljson\2.7.10\sesame-queryresultio-sparqljson-2.7.10.jar;C:\Users\fbensman\.m2\repository\com\fasterxml\jackson\core\jackson-core\2.2.1\jackson-core-2.2.1.jar;C:\Users\fbensman\.m2\repository\org\openrdf\sesame\sesame-queryresultio-text\2.7.10\sesame-queryresultio-text-2.7.10.jar;C:\Users\fbensman\.m2\repository\net\sf\opencsv\opencsv\2.0\opencsv-2.0.jar;C:\Users\fbensman\.m2\repository\org\openrdf\sesame\sesame-repository-dataset\2.7.10\sesame-repository-dataset-2.7.10.jar;C:\Users\fbensman\.m2\repository\org\openrdf\sesame\sesame-rio-binary\2.7.10\sesame-rio-binary-2.7.10.jar;C:\Users\fbensman\.m2\repository\org\openrdf\sesame\sesame-rio-nquads\2.7.10\sesame-rio-nquads-2.7.10.jar;C:\Users\fbensman\.m2\repository\org\openrdf\sesame\sesame-rio-n3\2.7.10\sesame-rio-n3-2.7.10.jar;C:\Users\fbensman\.m2\repository\org\openrdf\sesame\sesame-rio-rdfjson\2.7.10\sesame-rio-rdfjson-2.7.10.jar;C:\Users\fbensman\.m2\repository\org\openrdf\sesame\sesame-rio-rdfxml\2.7.10\sesame-rio-rdfxml-2.7.10.jar;C:\Users\fbensman\.m2\repository\org\openrdf\sesame\sesame-rio-trix\2.7.10\sesame-rio-trix-2.7.10.jar;C:\Users\fbensman\.m2\repository\org\openrdf\sesame\sesame-rio-trig\2.7.10\sesame-rio-trig-2.7.10.jar;C:\Users\fbensman\.m2\repository\org\openrdf\sesame\sesame-sail-nativerdf\2.7.10\sesame-sail-nativerdf-2.7.10.jar;C:\Users\fbensman\.m2\repository\org\openrdf\sesame\sesame-sail-rdbms\2.7.10\sesame-sail-rdbms-2.7.10.jar;C:\Users\fbensman\.m2\repository\commons-dbcp\commons-dbcp\1.3\commons-dbcp-1.3.jar;C:\Users\fbensman\.m2\repository\commons-pool\commons-pool\1.5.4\commons-pool-1.5.4.jar;C:\Users\fbensman\.m2\repository\com\sparkjava\spark-core\1.1\spark-core-1.1.jar;C:\Users\fbensman\.m2\repository\org\eclipse\jetty\jetty-server\9.0.2.v20130417\jetty-server-9.0.2.v20130417.jar;C:\Users\fbensman\.m2\repository\org\eclipse\jetty\orbit\javax.servlet\3.0.0.v201112011016\javax.servlet-3.0.0.v201112011016.jar;C:\Users\fbensman\.m2\repository\org\eclipse\jetty\jetty-http\9.0.2.v20130417\jetty-http-9.0.2.v20130417.jar;C:\Users\fbensman\.m2\repository\org\eclipse\jetty\jetty-util\9.0.2.v20130417\jetty-util-9.0.2.v20130417.jar;C:\Users\fbensman\.m2\repository\org\eclipse\jetty\jetty-io\9.0.2.v20130417\jetty-io-9.0.2.v20130417.jar;C:\Users\fbensman\.m2\repository\org\eclipse\jetty\jetty-webapp\9.0.2.v20130417\jetty-webapp-9.0.2.v20130417.jar;C:\Users\fbensman\.m2\repository\org\eclipse\jetty\jetty-xml\9.0.2.v20130417\jetty-xml-9.0.2.v20130417.jar;C:\Users\fbensman\.m2\repository\org\eclipse\jetty\jetty-servlet\9.0.2.v20130417\jetty-servlet-9.0.2.v20130417.jar;C:\Users\fbensman\.m2\repository\org\eclipse\jetty\jetty-security\9.0.2.v20130417\jetty-security-9.0.2.v20130417.jar;"/>
    <property name="java.specification.name" value="Java Platform API Specification"/>
    <property name="java.class.version" value="51.0"/>
    <property name="sun.management.compiler" value="HotSpot Client Compiler"/>
    <property name="os.version" value="6.1"/>
    <property name="user.home" value="C:\Users\fbensman"/>
    <property name="user.timezone" value=""/>
    <property name="java.awt.printerjob" value="sun.awt.windows.WPrinterJob"/>
    <property name="java.specification.version" value="1.7"/>
    <property name="file.encoding" value="Cp1252"/>
    <property name="user.name" value="fbensman"/>
    <property name="java.class.path" value="C:\Users\fbensman\Documents\NetBeansProjects\SemanticProxy\target\test-classes;C:\Users\fbensman\Documents\NetBeansProjects\SemanticProxy\target\classes;C:\Users\fbensman\.m2\repository\junit\junit\3.8.1\junit-3.8.1.jar;C:\Users\fbensman\.m2\repository\org\openrdf\sesame\sesame-runtime\2.7.10\sesame-runtime-2.7.10.jar;C:\Users\fbensman\.m2\repository\org\openrdf\sesame\sesame-model\2.7.10\sesame-model-2.7.10.jar;C:\Users\fbensman\.m2\repository\org\openrdf\sesame\sesame-util\2.7.10\sesame-util-2.7.10.jar;C:\Users\fbensman\.m2\repository\org\slf4j\slf4j-api\1.6.1\slf4j-api-1.6.1.jar;C:\Users\fbensman\.m2\repository\org\openrdf\sesame\sesame-repository-api\2.7.10\sesame-repository-api-2.7.10.jar;C:\Users\fbensman\.m2\repository\org\openrdf\sesame\sesame-query\2.7.10\sesame-query-2.7.10.jar;C:\Users\fbensman\.m2\repository\org\openrdf\sesame\sesame-rio-api\2.7.10\sesame-rio-api-2.7.10.jar;C:\Users\fbensman\.m2\repository\org\openrdf\sesame\sesame-repository-manager\2.7.10\sesame-repository-manager-2.7.10.jar;C:\Users\fbensman\.m2\repository\org\openrdf\sesame\sesame-repository-event\2.7.10\sesame-repository-event-2.7.10.jar;C:\Users\fbensman\.m2\repository\org\openrdf\sesame\sesame-repository-sail\2.7.10\sesame-repository-sail-2.7.10.jar;C:\Users\fbensman\.m2\repository\org\openrdf\sesame\sesame-sail-api\2.7.10\sesame-sail-api-2.7.10.jar;C:\Users\fbensman\.m2\repository\org\openrdf\sesame\sesame-queryalgebra-model\2.7.10\sesame-queryalgebra-model-2.7.10.jar;C:\Users\fbensman\.m2\repository\org\openrdf\sesame\sesame-queryparser-api\2.7.10\sesame-queryparser-api-2.7.10.jar;C:\Users\fbensman\.m2\repository\org\openrdf\sesame\sesame-sail-memory\2.7.10\sesame-sail-memory-2.7.10.jar;C:\Users\fbensman\.m2\repository\org\openrdf\sesame\sesame-sail-inferencer\2.7.10\sesame-sail-inferencer-2.7.10.jar;C:\Users\fbensman\.m2\repository\org\openrdf\sesame\sesame-queryparser-serql\2.7.10\sesame-queryparser-serql-2.7.10.jar;C:\Users\fbensman\.m2\repository\org\openrdf\sesame\sesame-queryalgebra-evaluation\2.7.10\sesame-queryalgebra-evaluation-2.7.10.jar;C:\Users\fbensman\.m2\repository\org\openrdf\sesame\sesame-repository-sparql\2.7.10\sesame-repository-sparql-2.7.10.jar;C:\Users\fbensman\.m2\repository\org\openrdf\sesame\sesame-http-client\2.7.10\sesame-http-client-2.7.10.jar;C:\Users\fbensman\.m2\repository\org\openrdf\sesame\sesame-http-protocol\2.7.10\sesame-http-protocol-2.7.10.jar;C:\Users\fbensman\.m2\repository\org\openrdf\sesame\sesame-rio-ntriples\2.7.10\sesame-rio-ntriples-2.7.10.jar;C:\Users\fbensman\.m2\repository\org\openrdf\sesame\sesame-rio-datatypes\2.7.10\sesame-rio-datatypes-2.7.10.jar;C:\Users\fbensman\.m2\repository\org\openrdf\sesame\sesame-rio-languages\2.7.10\sesame-rio-languages-2.7.10.jar;C:\Users\fbensman\.m2\repository\commons-io\commons-io\2.4\commons-io-2.4.jar;C:\Users\fbensman\.m2\repository\org\openrdf\sesame\sesame-queryresultio-api\2.7.10\sesame-queryresultio-api-2.7.10.jar;C:\Users\fbensman\.m2\repository\commons-httpclient\commons-httpclient\3.1\commons-httpclient-3.1.jar;C:\Users\fbensman\.m2\repository\commons-codec\commons-codec\1.4\commons-codec-1.4.jar;C:\Users\fbensman\.m2\repository\org\openrdf\sesame\sesame-queryparser-sparql\2.7.10\sesame-queryparser-sparql-2.7.10.jar;C:\Users\fbensman\.m2\repository\org\openrdf\sesame\sesame-queryresultio-sparqlxml\2.7.10\sesame-queryresultio-sparqlxml-2.7.10.jar;C:\Users\fbensman\.m2\repository\org\openrdf\sesame\sesame-repository-http\2.7.10\sesame-repository-http-2.7.10.jar;C:\Users\fbensman\.m2\repository\org\openrdf\sesame\sesame-repository-contextaware\2.7.10\sesame-repository-contextaware-2.7.10.jar;C:\Users\fbensman\.m2\repository\org\openrdf\sesame\sesame-sail-federation\2.7.10\sesame-sail-federation-2.7.10.jar;C:\Users\fbensman\.m2\repository\org\openrdf\sesame\sesame-rio-turtle\2.7.10\sesame-rio-turtle-2.7.10.jar;C:\Users\fbensman\.m2\repository\org\openrdf\sesame\sesame-queryresultio-binary\2.7.10\sesame-queryresultio-binary-2.7.10.jar;C:\Users\fbensman\.m2\repository\org\openrdf\sesame\sesame-queryresultio-sparqljson\2.7.10\sesame-queryresultio-sparqljson-2.7.10.jar;C:\Users\fbensman\.m2\repository\com\fasterxml\jackson\core\jackson-core\2.2.1\jackson-core-2.2.1.jar;C:\Users\fbensman\.m2\repository\org\openrdf\sesame\sesame-queryresultio-text\2.7.10\sesame-queryresultio-text-2.7.10.jar;C:\Users\fbensman\.m2\repository\net\sf\opencsv\opencsv\2.0\opencsv-2.0.jar;C:\Users\fbensman\.m2\repository\org\openrdf\sesame\sesame-repository-dataset\2.7.10\sesame-repository-dataset-2.7.10.jar;C:\Users\fbensman\.m2\repository\org\openrdf\sesame\sesame-rio-binary\2.7.10\sesame-rio-binary-2.7.10.jar;C:\Users\fbensman\.m2\repository\org\openrdf\sesame\sesame-rio-nquads\2.7.10\sesame-rio-nquads-2.7.10.jar;C:\Users\fbensman\.m2\repository\org\openrdf\sesame\sesame-rio-n3\2.7.10\sesame-rio-n3-2.7.10.jar;C:\Users\fbensman\.m2\repository\org\openrdf\sesame\sesame-rio-rdfjson\2.7.10\sesame-rio-rdfjson-2.7.10.jar;C:\Users\fbensman\.m2\repository\org\openrdf\sesame\sesame-rio-rdfxml\2.7.10\sesame-rio-rdfxml-2.7.10.jar;C:\Users\fbensman\.m2\repository\org\openrdf\sesame\sesame-rio-trix\2.7.10\sesame-rio-trix-2.7.10.jar;C:\Users\fbensman\.m2\repository\org\openrdf\sesame\sesame-rio-trig\2.7.10\sesame-rio-trig-2.7.10.jar;C:\Users\fbensman\.m2\repository\org\openrdf\sesame\sesame-sail-nativerdf\2.7.10\sesame-sail-nativerdf-2.7.10.jar;C:\Users\fbensman\.m2\repository\org\openrdf\sesame\sesame-sail-rdbms\2.7.10\sesame-sail-rdbms-2.7.10.jar;C:\Users\fbensman\.m2\repository\commons-dbcp\commons-dbcp\1.3\commons-dbcp-1.3.jar;C:\Users\fbensman\.m2\repository\commons-pool\commons-pool\1.5.4\commons-pool-1.5.4.jar;C:\Users\fbensman\.m2\repository\com\sparkjava\spark-core\1.1\spark-core-1.1.jar;C:\Users\fbensman\.m2\repository\org\eclipse\jetty\jetty-server\9.0.2.v20130417\jetty-server-9.0.2.v20130417.jar;C:\Users\fbensman\.m2\repository\org\eclipse\jetty\orbit\javax.servlet\3.0.0.v201112011016\javax.servlet-3.0.0.v201112011016.jar;C:\Users\fbensman\.m2\repository\org\eclipse\jetty\jetty-http\9.0.2.v20130417\jetty-http-9.0.2.v20130417.jar;C:\Users\fbensman\.m2\repository\org\eclipse\jetty\jetty-util\9.0.2.v20130417\jetty-util-9.0.2.v20130417.jar;C:\Users\fbensman\.m2\repository\org\eclipse\jetty\jetty-io\9.0.2.v20130417\jetty-io-9.0.2.v20130417.jar;C:\Users\fbensman\.m2\repository\org\eclipse\jetty\jetty-webapp\9.0.2.v20130417\jetty-webapp-9.0.2.v20130417.jar;C:\Users\fbensman\.m2\repository\org\eclipse\jetty\jetty-xml\9.0.2.v20130417\jetty-xml-9.0.2.v20130417.jar;C:\Users\fbensman\.m2\repository\org\eclipse\jetty\jetty-servlet\9.0.2.v20130417\jetty-servlet-9.0.2.v20130417.jar;C:\Users\fbensman\.m2\repository\org\eclipse\jetty\jetty-security\9.0.2.v20130417\jetty-security-9.0.2.v20130417.jar;"/>
    <property name="java.vm.specification.version" value="1.7"/>
    <property name="sun.arch.data.model" value="32"/>
    <property name="java.home" value="C:\Program Files (x86)\Java\jdk1.7.0_03\jre"/>
    <property name="sun.java.command" value="C:\Users\fbensman\AppData\Local\Temp\surefirebooter6206257813818128617.jar C:\Users\fbensman\AppData\Local\Temp\surefire2106220682454714795tmp C:\Users\fbensman\AppData\Local\Temp\surefire435025016367170900tmp"/>
    <property name="java.specification.vendor" value="Oracle Corporation"/>
    <property name="user.language" value="de"/>
    <property name="awt.toolkit" value="sun.awt.windows.WToolkit"/>
    <property name="java.vm.info" value="mixed mode, sharing"/>
    <property name="java.version" value="1.7.0_03"/>
    <property name="java.ext.dirs" value="C:\Program Files (x86)\Java\jdk1.7.0_03\jre\lib\ext;C:\Windows\Sun\Java\lib\ext"/>
    <property name="sun.boot.class.path" value="C:\Program Files (x86)\Java\jdk1.7.0_03\jre\lib\resources.jar;C:\Program Files (x86)\Java\jdk1.7.0_03\jre\lib\rt.jar;C:\Program Files (x86)\Java\jdk1.7.0_03\jre\lib\sunrsasign.jar;C:\Program Files (x86)\Java\jdk1.7.0_03\jre\lib\jsse.jar;C:\Program Files (x86)\Java\jdk1.7.0_03\jre\lib\jce.jar;C:\Program Files (x86)\Java\jdk1.7.0_03\jre\lib\charsets.jar;C:\Program Files (x86)\Java\jdk1.7.0_03\jre\classes"/>
    <property name="java.vendor" value="Oracle Corporation"/>
    <property name="localRepository" value="C:\Users\fbensman\.m2\repository"/>
    <property name="file.separator" value="\"/>
    <property name="java.vendor.url.bug" value="http://bugreport.sun.com/bugreport/"/>
    <property name="sun.cpu.endian" value="little"/>
    <property name="sun.io.unicode.encoding" value="UnicodeLittle"/>
    <property name="sun.desktop" value="windows"/>
    <property name="sun.cpu.isalist" value="pentium_pro+mmx pentium_pro pentium+mmx pentium i486 i386 i86"/>
  </properties>
  <testcase time="0.002" classname="de.hsos.richwps.sp.AppTest" name="testApp"/>
</testsuite>